Arguments: 
  C:\Program Files\nodejs\node.exe C:\Program Files (x86)\Yarn\bin\yarn.js

PATH: 
  E:\xshell\;C:\Program Files (x86)\Common Files\Oracle\Java\javapath;C:\Program Files (x86)\Common Files\Intel\Shared Libraries\redist\intel64\compiler;C:\WINDOWS\system32;C:\WINDOWS;C:\WINDOWS\System32\Wbem;C:\WINDOWS\System32\WindowsPowerShell\v1.0\;C:\Program Files (x86)\NVIDIA Corporation\PhysX\Common;C:\Program Files\Common Files\Autodesk Shared\;D:\Program Files\TortoiseSVN\bin;D:\Git\cmd;D:\togit\bin;E:\TSBrowserDownloads\sqlite-snapshot-201812251117\sqlite-snapshot-201812251117;C:\Users\admin\AppData\Local\Android\Sdk\platform-tools;D:\_py;D:\javajdk\bin;D:\javajdk\jre\bin;E:\apache-maven-3.6.3\bin;"%CATALINA_HOME%\lib;%CATALINA_HOME%\bin";C:\WINDOWS\system32;C:\WINDOWS;C:\Program Files (x86)\Yarn\bin\;C:\Program Files\nodejs\;C:\Users\admin\AppData\Local\Microsoft\WindowsApps;D:\Microsoft VS Code\bin;E:\a\flutter\bin;E:\Huawei FastApp IDE\bin;D:\WebStorm 2020.1.2\bin;;D:\IntelliJ IDEA 2020.1.2\bin;;C:\Users\admin\AppData\Local\Yarn\bin;C:\Users\admin\AppData\Roaming\npm;E:\Fiddler

Yarn version: 
  1.22.5

Node version: 
  10.16.0

Platform: 
  win32 x64

Trace: 
  Error: connect ECONNREFUSED 47.241.4.205:443
      at TCPConnectWrap.afterConnect [as oncomplete] (net.js:1106:14)

npm manifest: 
  {
    "name": "ppksmp",
    "version": "1.0.0",
    "description": "read me please",
    "main": "index.js",
    "scripts": {
      "test": "echo \"Error: no test specified\" && exit 1",
      "build:dev": "cross-env PPKSMP_ENV=dev node dev.js",
      "build:prod": "cross-env PPKSMP_ENV=prod node dev.js",
      "dev": "cross-env PPKSMP_ENV=dev node ./build/dev.js",
      "dev:pre": "cross-env PPKSMP_ENV=dev node ./build/dev.js",
      "dev:sit": "cross-env PPKSMP_ENV=dev node ./build/dev.js",
      "build": "cross-env PPKSMP_ENV=prod node ./build/prod.js",
      "build:pre": "cross-env PPKSMP_ENV=xgpre node ./build/prod.js",
      "build:sit": "cross-env PPKSMP_ENV=sit node ./build/prod.js",
      "create": "node ./build/index.js"
    },
    "repository": {
      "type": "git",
      "url": "http://git.cnsuning.com/ppmp/ppksmp.git"
    },
    "author": "",
    "license": "ISC",
    "devDependencies": {
      "babel-cli": "^6.26.0",
      "babel-preset-es2015": "^6.24.1",
      "child_process": "^1.0.2",
      "console-color-mr": "^2.0.1",
      "copy": "^0.3.2",
      "cross-env": "^7.0.2",
      "glob": "^7.1.6",
      "html-minifier": "^4.0.0",
      "jsonminify": "^0.4.1",
      "less": "^3.11.1",
      "less-plugin-clean-css": "^1.5.1",
      "node-watch": "^0.7.0",
      "uglify-js": "^3.11.5",
      "uglifycss": "^0.0.29",
      "webpack-glob-entry": "^2.1.1"
    }
  }

yarn manifest: 
  No manifest

Lockfile: 
  No lockfile
